<?xml version="1.0" encoding="UTF-8"?>
<!-- Generated by org.testng.reporters.JUnitReportReporter -->
<testsuite hostname="DDC2-D-9TMG882" failures="0" tests="1" name="com.cpt.testcases.TC001_Getting_All_Posts" time="0.013" errors="0" timestamp="2020-01-30T11:31:49 IST" skipped="0">
  <testcase classname="com.cpt.testcases.TC001_Getting_All_Posts" name="checkResponseCode" time="0.013"/>
  <system-out/>
</testsuite> <!-- com.cpt.testcases.TC001_Getting_All_Posts -->
